# JRE version: Java(TM) SE Runtime Environment (7.0_80-b15) (build 1.7.0_80-b15)
# Java VM: Java HotSpot(TM) 64-Bit Server VM (24.80-b11 mixed mode linux-amd64 compressed oops)
Heap
 PSYoungGen      total 216064K, used 130099K [0x00000000f0000000, 0x0000000100000000, 0x0000000100000000)
  eden space 167424K, 65% used [0x00000000f0000000,0x00000000f6aa8990,0x00000000fa380000)
  from space 48640K, 42% used [0x00000000fd080000,0x00000000fe4e4628,0x0000000100000000)
  to   space 46080K, 0% used [0x00000000fa380000,0x00000000fa380000,0x00000000fd080000)
 ParOldGen       total 142336K, used 84544K [0x00000000d0000000, 0x00000000d8b00000, 0x00000000f0000000)
  object space 142336K, 59% used [0x00000000d0000000,0x00000000d5290010,0x00000000d8b00000)
 PSPermGen       total 102912K, used 67698K [0x00000000c0000000, 0x00000000c6480000, 0x00000000d0000000)
  object space 102912K, 65% used [0x00000000c0000000,0x00000000c421c800,0x00000000c6480000)
GC Heap History (10 events):
Event: 12.187 GC heap before
{Heap before GC invocations=16 (full 1):
 PSYoungGen      total 226816K, used 219852K [0x00000000f0000000, 0x0000000100000000, 0x0000000100000000)
  eden space 195584K, 100% used [0x00000000f0000000,0x00000000fbf00000,0x00000000fbf00000)
  from space 31232K, 77% used [0x00000000fe180000,0x00000000ff9331a8,0x0000000100000000)
  to   space 33280K, 0% used [0x00000000fbf00000,0x00000000fbf00000,0x00000000fdf80000)
 ParOldGen       total 83968K, used 52563K [0x00000000d0000000, 0x00000000d5200000, 0x00000000f0000000)
  object space 83968K, 62% used [0x00000000d0000000,0x00000000d3354c58,0x00000000d5200000)
 PSPermGen       total 75264K, used 56960K [0x00000000c0000000, 0x00000000c4980000, 0x00000000d0000000)
  object space 75264K, 75% used [0x00000000c0000000,0x00000000c37a0390,0x00000000c4980000)
Event: 12.215 GC heap after
Heap after GC invocations=16 (full 1):
 PSYoungGen      total 227840K, used 31983K [0x00000000f0000000, 0x0000000100000000, 0x0000000100000000)
  eden space 195584K, 0% used [0x00000000f0000000,0x00000000f0000000,0x00000000fbf00000)
  from space 32256K, 99% used [0x00000000fbf00000,0x00000000fde3bf18,0x00000000fde80000)
  to   space 34304K, 0% used [0x00000000fde80000,0x00000000fde80000,0x0000000100000000)
 ParOldGen       total 83968K, used 52571K [0x00000000d0000000, 0x00000000d5200000, 0x00000000f0000000)
  object space 83968K, 62% used [0x00000000d0000000,0x00000000d3356c58,0x00000000d5200000)
 PSPermGen       total 75264K, used 56960K [0x00000000c0000000, 0x00000000c4980000, 0x00000000d0000000)
  object space 75264K, 75% used [0x00000000c0000000,0x00000000c37a0390,0x00000000c4980000)
}
Event: 12.935 GC heap before
{Heap before GC invocations=17 (full 1):
 PSYoungGen      total 227840K, used 227567K [0x00000000f0000000, 0x0000000100000000, 0x0000000100000000)
  eden space 195584K, 100% used [0x00000000f0000000,0x00000000fbf00000,0x00000000fbf00000)
  from space 32256K, 99% used [0x00000000fbf00000,0x00000000fde3bf18,0x00000000fde80000)
  to   space 34304K, 0% used [0x00000000fde80000,0x00000000fde80000,0x0000000100000000)
 ParOldGen       total 83968K, used 52571K [0x00000000d0000000, 0x00000000d5200000, 0x00000000f0000000)
  object space 83968K, 62% used [0x00000000d0000000,0x00000000d3356c58,0x00000000d5200000)
 PSPermGen       total 75264K, used 58794K [0x00000000c0000000, 0x00000000c4980000, 0x00000000d0000000)
  object space 75264K, 78% used [0x00000000c0000000,0x00000000c396ab48,0x00000000c4980000)
Event: 12.976 GC heap after
Heap after GC invocations=17 (full 1):
 PSYoungGen      total 205312K, used 34276K [0x00000000f0000000, 0x0000000100000000, 0x0000000100000000)
  eden space 171008K, 0% used [0x00000000f0000000,0x00000000f0000000,0x00000000fa700000)
  from space 34304K, 99% used [0x00000000fde80000,0x00000000ffff90a0,0x0000000100000000)
  to   space 45568K, 0% used [0x00000000fa700000,0x00000000fa700000,0x00000000fd380000)
 ParOldGen       total 83968K, used 60030K [0x00000000d0000000, 0x00000000d5200000, 0x00000000f0000000)
  object space 83968K, 71% used [0x00000000d0000000,0x00000000d3a9f800,0x00000000d5200000)
 PSPermGen       total 75264K, used 58794K [0x00000000c0000000, 0x00000000c4980000, 0x00000000d0000000)
  object space 75264K, 78% used [0x00000000c0000000,0x00000000c396ab48,0x00000000c4980000)
}
Event: 13.785 GC heap before
{Heap before GC invocations=18 (full 1):
 PSYoungGen      total 205312K, used 205284K [0x00000000f0000000, 0x0000000100000000, 0x0000000100000000)
  eden space 171008K, 100% used [0x00000000f0000000,0x00000000fa700000,0x00000000fa700000)
  from space 34304K, 99% used [0x00000000fde80000,0x00000000ffff90a0,0x0000000100000000)
  to   space 45568K, 0% used [0x00000000fa700000,0x00000000fa700000,0x00000000fd380000)
 ParOldGen       total 83968K, used 60030K [0x00000000d0000000, 0x00000000d5200000, 0x00000000f0000000)
  object space 83968K, 71% used [0x00000000d0000000,0x00000000d3a9f800,0x00000000d5200000)
 PSPermGen       total 75264K, used 61356K [0x00000000c0000000, 0x00000000c4980000, 0x00000000d0000000)
  object space 75264K, 81% used [0x00000000c0000000,0x00000000c3beb268,0x00000000c4980000)
Event: 13.828 GC heap after
Heap after GC invocations=18 (full 1):
 PSYoungGen      total 205312K, used 34068K [0x00000000f0000000, 0x0000000100000000, 0x0000000100000000)
  eden space 171008K, 0% used [0x00000000f0000000,0x00000000f0000000,0x00000000fa700000)
  from space 34304K, 99% used [0x00000000fa700000,0x00000000fc8452d0,0x00000000fc880000)
  to   space 48640K, 0% used [0x00000000fd080000,0x00000000fd080000,0x0000000100000000)
 ParOldGen       total 83968K, used 72522K [0x00000000d0000000, 0x00000000d5200000, 0x00000000f0000000)
  object space 83968K, 86% used [0x00000000d0000000,0x00000000d46d2848,0x00000000d5200000)
 PSPermGen       total 75264K, used 61356K [0x00000000c0000000, 0x00000000c4980000, 0x00000000d0000000)
  object space 75264K, 81% used [0x00000000c0000000,0x00000000c3beb268,0x00000000c4980000)
}
Event: 13.828 GC heap before
{Heap before GC invocations=19 (full 2):
 PSYoungGen      total 205312K, used 34068K [0x00000000f0000000, 0x0000000100000000, 0x0000000100000000)
  eden space 171008K, 0% used [0x00000000f0000000,0x00000000f0000000,0x00000000fa700000)
  from space 34304K, 99% used [0x00000000fa700000,0x00000000fc8452d0,0x00000000fc880000)
  to   space 48640K, 0% used [0x00000000fd080000,0x00000000fd080000,0x0000000100000000)
 ParOldGen       total 83968K, used 72522K [0x00000000d0000000, 0x00000000d5200000, 0x00000000f0000000)
  object space 83968K, 86% used [0x00000000d0000000,0x00000000d46d2848,0x00000000d5200000)
 PSPermGen       total 75264K, used 61356K [0x00000000c0000000, 0x00000000c4980000, 0x00000000d0000000)
  object space 75264K, 81% used [0x00000000c0000000,0x00000000c3beb268,0x00000000c4980000)
Event: 14.309 GC heap after
Heap after GC invocations=19 (full 2):
 PSYoungGen      total 205312K, used 15873K [0x00000000f0000000, 0x0000000100000000, 0x0000000100000000)
  eden space 171008K, 0% used [0x00000000f0000000,0x00000000f0000000,0x00000000fa700000)
  from space 34304K, 46% used [0x00000000fa700000,0x00000000fb6804c8,0x00000000fc880000)
  to   space 48640K, 0% used [0x00000000fd080000,0x00000000fd080000,0x0000000100000000)
 ParOldGen       total 142336K, used 83873K [0x00000000d0000000, 0x00000000d8b00000, 0x00000000f0000000)
  object space 142336K, 58% used [0x00000000d0000000,0x00000000d51e87c0,0x00000000d8b00000)
 PSPermGen       total 102912K, used 61343K [0x00000000c0000000, 0x00000000c6480000, 0x00000000d0000000)
  object space 102912K, 59% used [0x00000000c0000000,0x00000000c3be7cc8,0x00000000c6480000)
}
Event: 14.860 GC heap before
{Heap before GC invocations=20 (full 2):
 PSYoungGen      total 205312K, used 183840K [0x00000000f0000000, 0x0000000100000000, 0x0000000100000000)
  eden space 171008K, 98% used [0x00000000f0000000,0x00000000fa407f30,0x00000000fa700000)
  from space 34304K, 46% used [0x00000000fa700000,0x00000000fb6804c8,0x00000000fc880000)
  to   space 48640K, 0% used [0x00000000fd080000,0x00000000fd080000,0x0000000100000000)
 ParOldGen       total 142336K, used 83873K [0x00000000d0000000, 0x00000000d8b00000, 0x00000000f0000000)
  object space 142336K, 58% used [0x00000000d0000000,0x00000000d51e87c0,0x00000000d8b00000)
 PSPermGen       total 102912K, used 64808K [0x00000000c0000000, 0x00000000c6480000, 0x00000000d0000000)
  object space 102912K, 62% used [0x00000000c0000000,0x00000000c3f4a0f8,0x00000000c6480000)
Event: 14.904 GC heap after
Heap after GC invocations=20 (full 2):
 PSYoungGen      total 216064K, used 20881K [0x00000000f0000000, 0x0000000100000000, 0x0000000100000000)
  eden space 167424K, 0% used [0x00000000f0000000,0x00000000f0000000,0x00000000fa380000)
  from space 48640K, 42% used [0x00000000fd080000,0x00000000fe4e4628,0x0000000100000000)
  to   space 46080K, 0% used [0x00000000fa380000,0x00000000fa380000,0x00000000fd080000)
 ParOldGen       total 142336K, used 84544K [0x00000000d0000000, 0x00000000d8b00000, 0x00000000f0000000)
  object space 142336K, 59% used [0x00000000d0000000,0x00000000d5290010,0x00000000d8b00000)
 PSPermGen       total 102912K, used 64808K [0x00000000c0000000, 0x00000000c6480000, 0x00000000d0000000)
  object space 102912K, 62% used [0x00000000c0000000,0x00000000c3f4a0f8,0x00000000c6480000)
}

