# JRE version: Java(TM) SE Runtime Environment (7.0_80-b15) (build 1.7.0_80-b15)
# Java VM: Java HotSpot(TM) 64-Bit Server VM (24.80-b11 mixed mode linux-amd64 compressed oops)
Heap
 PSYoungGen      total 145920K, used 141622K [0x00000000f0000000, 0x00000000f9a00000, 0x0000000100000000)
  eden space 135168K, 100% used [0x00000000f0000000,0x00000000f8400000,0x00000000f8400000)
  from space 10752K, 60% used [0x00000000f8f80000,0x00000000f95cdac8,0x00000000f9a00000)
  to   space 11264K, 29% used [0x00000000f8400000,0x00000000f873d0d0,0x00000000f8f00000)
 ParOldGen       total 44032K, used 16662K [0x00000000d0000000, 0x00000000d2b00000, 0x00000000f0000000)
  object space 44032K, 37% used [0x00000000d0000000,0x00000000d10459b8,0x00000000d2b00000)
 PSPermGen       total 25088K, used 25023K [0x00000000c0000000, 0x00000000c1880000, 0x00000000d0000000)
  object space 25088K, 99% used [0x00000000c0000000,0x00000000c186ff20,0x00000000c1880000)
GC Heap History (10 events):
Event: 0.543 GC heap before
{Heap before GC invocations=2 (full 0):
 PSYoungGen      total 19456K, used 19224K [0x00000000f0000000, 0x00000000f2600000, 0x0000000100000000)
  eden space 16896K, 100% used [0x00000000f0000000,0x00000000f1080000,0x00000000f1080000)
  from space 2560K, 90% used [0x00000000f1080000,0x00000000f12c6278,0x00000000f1300000)
  to   space 2560K, 0% used [0x00000000f2380000,0x00000000f2380000,0x00000000f2600000)
 ParOldGen       total 44032K, used 8K [0x00000000d0000000, 0x00000000d2b00000, 0x00000000f0000000)
  object space 44032K, 0% used [0x00000000d0000000,0x00000000d0002000,0x00000000d2b00000)
 PSPermGen       total 21504K, used 7902K [0x00000000c0000000, 0x00000000c1500000, 0x00000000d0000000)
  object space 21504K, 36% used [0x00000000c0000000,0x00000000c07b7a40,0x00000000c1500000)
Event: 0.548 GC heap after
Heap after GC invocations=2 (full 0):
 PSYoungGen      total 36352K, used 2551K [0x00000000f0000000, 0x00000000f2600000, 0x0000000100000000)
  eden space 33792K, 0% used [0x00000000f0000000,0x00000000f0000000,0x00000000f2100000)
  from space 2560K, 99% used [0x00000000f2380000,0x00000000f25fdc50,0x00000000f2600000)
  to   space 2560K, 0% used [0x00000000f2100000,0x00000000f2100000,0x00000000f2380000)
 ParOldGen       total 44032K, used 120K [0x00000000d0000000, 0x00000000d2b00000, 0x00000000f0000000)
  object space 44032K, 0% used [0x00000000d0000000,0x00000000d001e0e0,0x00000000d2b00000)
 PSPermGen       total 21504K, used 7902K [0x00000000c0000000, 0x00000000c1500000, 0x00000000d0000000)
  object space 21504K, 36% used [0x00000000c0000000,0x00000000c07b7a40,0x00000000c1500000)
}
Event: 0.939 GC heap before
{Heap before GC invocations=3 (full 0):
 PSYoungGen      total 36352K, used 36343K [0x00000000f0000000, 0x00000000f2600000, 0x0000000100000000)
  eden space 33792K, 100% used [0x00000000f0000000,0x00000000f2100000,0x00000000f2100000)
  from space 2560K, 99% used [0x00000000f2380000,0x00000000f25fdc50,0x00000000f2600000)
  to   space 2560K, 0% used [0x00000000f2100000,0x00000000f2100000,0x00000000f2380000)
 ParOldGen       total 44032K, used 120K [0x00000000d0000000, 0x00000000d2b00000, 0x00000000f0000000)
  object space 44032K, 0% used [0x00000000d0000000,0x00000000d001e0e0,0x00000000d2b00000)
 PSPermGen       total 21504K, used 11287K [0x00000000c0000000, 0x00000000c1500000, 0x00000000d0000000)
  object space 21504K, 52% used [0x00000000c0000000,0x00000000c0b05dd8,0x00000000c1500000)
Event: 0.950 GC heap after
Heap after GC invocations=3 (full 0):
 PSYoungGen      total 36352K, used 2544K [0x00000000f0000000, 0x00000000f4700000, 0x0000000100000000)
  eden space 33792K, 0% used [0x00000000f0000000,0x00000000f0000000,0x00000000f2100000)
  from space 2560K, 99% used [0x00000000f2100000,0x00000000f237c010,0x00000000f2380000)
  to   space 2560K, 0% used [0x00000000f4480000,0x00000000f4480000,0x00000000f4700000)
 ParOldGen       total 44032K, used 3560K [0x00000000d0000000, 0x00000000d2b00000, 0x00000000f0000000)
  object space 44032K, 8% used [0x00000000d0000000,0x00000000d037a158,0x00000000d2b00000)
 PSPermGen       total 21504K, used 11287K [0x00000000c0000000, 0x00000000c1500000, 0x00000000d0000000)
  object space 21504K, 52% used [0x00000000c0000000,0x00000000c0b05dd8,0x00000000c1500000)
}
Event: 1.370 GC heap before
{Heap before GC invocations=4 (full 0):
 PSYoungGen      total 36352K, used 36336K [0x00000000f0000000, 0x00000000f4700000, 0x0000000100000000)
  eden space 33792K, 100% used [0x00000000f0000000,0x00000000f2100000,0x00000000f2100000)
  from space 2560K, 99% used [0x00000000f2100000,0x00000000f237c010,0x00000000f2380000)
  to   space 2560K, 0% used [0x00000000f4480000,0x00000000f4480000,0x00000000f4700000)
 ParOldGen       total 44032K, used 3560K [0x00000000d0000000, 0x00000000d2b00000, 0x00000000f0000000)
  object space 44032K, 8% used [0x00000000d0000000,0x00000000d037a158,0x00000000d2b00000)
 PSPermGen       total 21504K, used 13911K [0x00000000c0000000, 0x00000000c1500000, 0x00000000d0000000)
  object space 21504K, 64% used [0x00000000c0000000,0x00000000c0d95fa0,0x00000000c1500000)
Event: 1.381 GC heap after
Heap after GC invocations=4 (full 0):
 PSYoungGen      total 70144K, used 2548K [0x00000000f0000000, 0x00000000f4700000, 0x0000000100000000)
  eden space 67584K, 0% used [0x00000000f0000000,0x00000000f0000000,0x00000000f4200000)
  from space 2560K, 99% used [0x00000000f4480000,0x00000000f46fd0d0,0x00000000f4700000)
  to   space 2560K, 0% used [0x00000000f4200000,0x00000000f4200000,0x00000000f4480000)
 ParOldGen       total 44032K, used 7222K [0x00000000d0000000, 0x00000000d2b00000, 0x00000000f0000000)
  object space 44032K, 16% used [0x00000000d0000000,0x00000000d070d840,0x00000000d2b00000)
 PSPermGen       total 21504K, used 13911K [0x00000000c0000000, 0x00000000c1500000, 0x00000000d0000000)
  object space 21504K, 64% used [0x00000000c0000000,0x00000000c0d95fa0,0x00000000c1500000)
}
Event: 2.542 GC heap before
{Heap before GC invocations=5 (full 0):
 PSYoungGen      total 70144K, used 70132K [0x00000000f0000000, 0x00000000f4700000, 0x0000000100000000)
  eden space 67584K, 100% used [0x00000000f0000000,0x00000000f4200000,0x00000000f4200000)
  from space 2560K, 99% used [0x00000000f4480000,0x00000000f46fd0d0,0x00000000f4700000)
  to   space 2560K, 0% used [0x00000000f4200000,0x00000000f4200000,0x00000000f4480000)
 ParOldGen       total 44032K, used 7222K [0x00000000d0000000, 0x00000000d2b00000, 0x00000000f0000000)
  object space 44032K, 16% used [0x00000000d0000000,0x00000000d070d840,0x00000000d2b00000)
 PSPermGen       total 21504K, used 17952K [0x00000000c0000000, 0x00000000c1500000, 0x00000000d0000000)
  object space 21504K, 83% used [0x00000000c0000000,0x00000000c1188340,0x00000000c1500000)
Event: 2.563 GC heap after
Heap after GC invocations=5 (full 0):
 PSYoungGen      total 70144K, used 2548K [0x00000000f0000000, 0x00000000f9b00000, 0x0000000100000000)
  eden space 67584K, 0% used [0x00000000f0000000,0x00000000f0000000,0x00000000f4200000)
  from space 2560K, 99% used [0x00000000f4200000,0x00000000f447d0d0,0x00000000f4480000)
  to   space 11776K, 0% used [0x00000000f8f80000,0x00000000f8f80000,0x00000000f9b00000)
 ParOldGen       total 44032K, used 15945K [0x00000000d0000000, 0x00000000d2b00000, 0x00000000f0000000)
  object space 44032K, 36% used [0x00000000d0000000,0x00000000d0f92738,0x00000000d2b00000)
 PSPermGen       total 21504K, used 17952K [0x00000000c0000000, 0x00000000c1500000, 0x00000000d0000000)
  object space 21504K, 83% used [0x00000000c0000000,0x00000000c1188340,0x00000000c1500000)
}
Event: 3.227 GC heap before
{Heap before GC invocations=6 (full 0):
 PSYoungGen      total 70144K, used 70132K [0x00000000f0000000, 0x00000000f9b00000, 0x0000000100000000)
  eden space 67584K, 100% used [0x00000000f0000000,0x00000000f4200000,0x00000000f4200000)
  from space 2560K, 99% used [0x00000000f4200000,0x00000000f447d0d0,0x00000000f4480000)
  to   space 11776K, 0% used [0x00000000f8f80000,0x00000000f8f80000,0x00000000f9b00000)
 ParOldGen       total 44032K, used 15945K [0x00000000d0000000, 0x00000000d2b00000, 0x00000000f0000000)
  object space 44032K, 36% used [0x00000000d0000000,0x00000000d0f92738,0x00000000d2b00000)
 PSPermGen       total 21504K, used 20157K [0x00000000c0000000, 0x00000000c1500000, 0x00000000d0000000)
  object space 21504K, 93% used [0x00000000c0000000,0x00000000c13af5d0,0x00000000c1500000)
Event: 3.241 GC heap after
Heap after GC invocations=6 (full 0):
 PSYoungGen      total 145920K, used 6454K [0x00000000f0000000, 0x00000000f9a00000, 0x0000000100000000)
  eden space 135168K, 0% used [0x00000000f0000000,0x00000000f0000000,0x00000000f8400000)
  from space 10752K, 60% used [0x00000000f8f80000,0x00000000f95cdac8,0x00000000f9a00000)
  to   space 11264K, 0% used [0x00000000f8400000,0x00000000f8400000,0x00000000f8f00000)
 ParOldGen       total 44032K, used 15945K [0x00000000d0000000, 0x00000000d2b00000, 0x00000000f0000000)
  object space 44032K, 36% used [0x00000000d0000000,0x00000000d0f92738,0x00000000d2b00000)
 PSPermGen       total 21504K, used 20157K [0x00000000c0000000, 0x00000000c1500000, 0x00000000d0000000)
  object space 21504K, 93% used [0x00000000c0000000,0x00000000c13af5d0,0x00000000c1500000)
}

