# JRE version: Java(TM) SE Runtime Environment (7.0_80-b15) (build 1.7.0_80-b15)
# Java VM: Java HotSpot(TM) 64-Bit Server VM (24.80-b11 mixed mode linux-amd64 compressed oops)
Heap
 PSYoungGen      total 237568K, used 57753K [0x00000000f0000000, 0x0000000100000000, 0x0000000100000000)
  eden space 212992K, 15% used [0x00000000f0000000,0x00000000f206ccd8,0x00000000fd000000)
  from space 24576K, 99% used [0x00000000fd000000,0x00000000fe7f9820,0x00000000fe800000)
  to   space 24576K, 0% used [0x00000000fe800000,0x00000000fe800000,0x0000000100000000)
 ParOldGen       total 100352K, used 48078K [0x00000000d0000000, 0x00000000d6200000, 0x00000000f0000000)
  object space 100352K, 47% used [0x00000000d0000000,0x00000000d2ef3878,0x00000000d6200000)
 PSPermGen       total 58880K, used 47167K [0x00000000c0000000, 0x00000000c3980000, 0x00000000d0000000)
  object space 58880K, 80% used [0x00000000c0000000,0x00000000c2e0fe98,0x00000000c3980000)
GC Heap History (10 events):
Event: 6.263 GC heap before
{Heap before GC invocations=13 (full 1):
 PSYoungGen      total 251392K, used 251360K [0x00000000f0000000, 0x0000000100000000, 0x0000000100000000)
  eden space 240640K, 100% used [0x00000000f0000000,0x00000000feb00000,0x00000000feb00000)
  from space 10752K, 99% used [0x00000000feb00000,0x00000000ff578118,0x00000000ff580000)
  to   space 10752K, 0% used [0x00000000ff580000,0x00000000ff580000,0x0000000100000000)
 ParOldGen       total 47104K, used 19654K [0x00000000d0000000, 0x00000000d2e00000, 0x00000000f0000000)
  object space 47104K, 41% used [0x00000000d0000000,0x00000000d1331ab0,0x00000000d2e00000)
 PSPermGen       total 35840K, used 35099K [0x00000000c0000000, 0x00000000c2300000, 0x00000000d0000000)
  object space 35840K, 97% used [0x00000000c0000000,0x00000000c2246e78,0x00000000c2300000)
Event: 6.293 GC heap after
Heap after GC invocations=13 (full 1):
 PSYoungGen      total 233984K, used 10725K [0x00000000f0000000, 0x0000000100000000, 0x0000000100000000)
  eden space 223232K, 0% used [0x00000000f0000000,0x00000000f0000000,0x00000000fda00000)
  from space 10752K, 99% used [0x00000000ff580000,0x00000000ffff9758,0x0000000100000000)
  to   space 19456K, 0% used [0x00000000fda00000,0x00000000fda00000,0x00000000fed00000)
 ParOldGen       total 47104K, used 32662K [0x00000000d0000000, 0x00000000d2e00000, 0x00000000f0000000)
  object space 47104K, 69% used [0x00000000d0000000,0x00000000d1fe5848,0x00000000d2e00000)
 PSPermGen       total 35840K, used 35099K [0x00000000c0000000, 0x00000000c2300000, 0x00000000d0000000)
  object space 35840K, 97% used [0x00000000c0000000,0x00000000c2246e78,0x00000000c2300000)
}
Event: 7.298 GC heap before
{Heap before GC invocations=14 (full 1):
 PSYoungGen      total 233984K, used 233957K [0x00000000f0000000, 0x0000000100000000, 0x0000000100000000)
  eden space 223232K, 100% used [0x00000000f0000000,0x00000000fda00000,0x00000000fda00000)
  from space 10752K, 99% used [0x00000000ff580000,0x00000000ffff9758,0x0000000100000000)
  to   space 19456K, 0% used [0x00000000fda00000,0x00000000fda00000,0x00000000fed00000)
 ParOldGen       total 47104K, used 32662K [0x00000000d0000000, 0x00000000d2e00000, 0x00000000f0000000)
  object space 47104K, 69% used [0x00000000d0000000,0x00000000d1fe5848,0x00000000d2e00000)
 PSPermGen       total 37888K, used 37827K [0x00000000c0000000, 0x00000000c2500000, 0x00000000d0000000)
  object space 37888K, 99% used [0x00000000c0000000,0x00000000c24f0c10,0x00000000c2500000)
Event: 7.331 GC heap after
Heap after GC invocations=14 (full 1):
 PSYoungGen      total 242688K, used 19447K [0x00000000f0000000, 0x0000000100000000, 0x0000000100000000)
  eden space 223232K, 0% used [0x00000000f0000000,0x00000000f0000000,0x00000000fda00000)
  from space 19456K, 99% used [0x00000000fda00000,0x00000000fecfdc90,0x00000000fed00000)
  to   space 19456K, 0% used [0x00000000fed00000,0x00000000fed00000,0x0000000100000000)
 ParOldGen       total 47104K, used 37140K [0x00000000d0000000, 0x00000000d2e00000, 0x00000000f0000000)
  object space 47104K, 78% used [0x00000000d0000000,0x00000000d24453e0,0x00000000d2e00000)
 PSPermGen       total 37888K, used 37827K [0x00000000c0000000, 0x00000000c2500000, 0x00000000d0000000)
  object space 37888K, 99% used [0x00000000c0000000,0x00000000c24f0c10,0x00000000c2500000)
}
Event: 7.331 GC heap before
{Heap before GC invocations=15 (full 2):
 PSYoungGen      total 242688K, used 19447K [0x00000000f0000000, 0x0000000100000000, 0x0000000100000000)
  eden space 223232K, 0% used [0x00000000f0000000,0x00000000f0000000,0x00000000fda00000)
  from space 19456K, 99% used [0x00000000fda00000,0x00000000fecfdc90,0x00000000fed00000)
  to   space 19456K, 0% used [0x00000000fed00000,0x00000000fed00000,0x0000000100000000)
 ParOldGen       total 47104K, used 37140K [0x00000000d0000000, 0x00000000d2e00000, 0x00000000f0000000)
  object space 47104K, 78% used [0x00000000d0000000,0x00000000d24453e0,0x00000000d2e00000)
 PSPermGen       total 37888K, used 37827K [0x00000000c0000000, 0x00000000c2500000, 0x00000000d0000000)
  object space 37888K, 99% used [0x00000000c0000000,0x00000000c24f0c10,0x00000000c2500000)
Event: 7.587 GC heap after
Heap after GC invocations=15 (full 2):
 PSYoungGen      total 242688K, used 4076K [0x00000000f0000000, 0x0000000100000000, 0x0000000100000000)
  eden space 223232K, 0% used [0x00000000f0000000,0x00000000f0000000,0x00000000fda00000)
  from space 19456K, 20% used [0x00000000fda00000,0x00000000fddfb120,0x00000000fed00000)
  to   space 19456K, 0% used [0x00000000fed00000,0x00000000fed00000,0x0000000100000000)
 ParOldGen       total 100352K, used 47092K [0x00000000d0000000, 0x00000000d6200000, 0x00000000f0000000)
  object space 100352K, 46% used [0x00000000d0000000,0x00000000d2dfd1a8,0x00000000d6200000)
 PSPermGen       total 58880K, used 37817K [0x00000000c0000000, 0x00000000c3980000, 0x00000000d0000000)
  object space 58880K, 64% used [0x00000000c0000000,0x00000000c24ee790,0x00000000c3980000)
}
Event: 8.547 GC heap before
{Heap before GC invocations=16 (full 2):
 PSYoungGen      total 242688K, used 227308K [0x00000000f0000000, 0x0000000100000000, 0x0000000100000000)
  eden space 223232K, 100% used [0x00000000f0000000,0x00000000fda00000,0x00000000fda00000)
  from space 19456K, 20% used [0x00000000fda00000,0x00000000fddfb120,0x00000000fed00000)
  to   space 19456K, 0% used [0x00000000fed00000,0x00000000fed00000,0x0000000100000000)
 ParOldGen       total 100352K, used 47092K [0x00000000d0000000, 0x00000000d6200000, 0x00000000f0000000)
  object space 100352K, 46% used [0x00000000d0000000,0x00000000d2dfd1a8,0x00000000d6200000)
 PSPermGen       total 58880K, used 40664K [0x00000000c0000000, 0x00000000c3980000, 0x00000000d0000000)
  object space 58880K, 69% used [0x00000000c0000000,0x00000000c27b6038,0x00000000c3980000)
Event: 8.577 GC heap after
Heap after GC invocations=16 (full 2):
 PSYoungGen      total 232448K, used 13482K [0x00000000f0000000, 0x0000000100000000, 0x0000000100000000)
  eden space 212992K, 0% used [0x00000000f0000000,0x00000000f0000000,0x00000000fd000000)
  from space 19456K, 69% used [0x00000000fed00000,0x00000000ffa2abf8,0x0000000100000000)
  to   space 24576K, 0% used [0x00000000fd000000,0x00000000fd000000,0x00000000fe800000)
 ParOldGen       total 100352K, used 47300K [0x00000000d0000000, 0x00000000d6200000, 0x00000000f0000000)
  object space 100352K, 47% used [0x00000000d0000000,0x00000000d2e311a8,0x00000000d6200000)
 PSPermGen       total 58880K, used 40664K [0x00000000c0000000, 0x00000000c3980000, 0x00000000d0000000)
  object space 58880K, 69% used [0x00000000c0000000,0x00000000c27b6038,0x00000000c3980000)
}
Event: 9.709 GC heap before
{Heap before GC invocations=17 (full 2):
 PSYoungGen      total 232448K, used 226474K [0x00000000f0000000, 0x0000000100000000, 0x0000000100000000)
  eden space 212992K, 100% used [0x00000000f0000000,0x00000000fd000000,0x00000000fd000000)
  from space 19456K, 69% used [0x00000000fed00000,0x00000000ffa2abf8,0x0000000100000000)
  to   space 24576K, 0% used [0x00000000fd000000,0x00000000fd000000,0x00000000fe800000)
 ParOldGen       total 100352K, used 47300K [0x00000000d0000000, 0x00000000d6200000, 0x00000000f0000000)
  object space 100352K, 47% used [0x00000000d0000000,0x00000000d2e311a8,0x00000000d6200000)
 PSPermGen       total 58880K, used 45876K [0x00000000c0000000, 0x00000000c3980000, 0x00000000d0000000)
  object space 58880K, 77% used [0x00000000c0000000,0x00000000c2ccd220,0x00000000c3980000)
Event: 9.750 GC heap after
Heap after GC invocations=17 (full 2):
 PSYoungGen      total 237568K, used 24550K [0x00000000f0000000, 0x0000000100000000, 0x0000000100000000)
  eden space 212992K, 0% used [0x00000000f0000000,0x00000000f0000000,0x00000000fd000000)
  from space 24576K, 99% used [0x00000000fd000000,0x00000000fe7f9820,0x00000000fe800000)
  to   space 24576K, 0% used [0x00000000fe800000,0x00000000fe800000,0x0000000100000000)
 ParOldGen       total 100352K, used 48078K [0x00000000d0000000, 0x00000000d6200000, 0x00000000f0000000)
  object space 100352K, 47% used [0x00000000d0000000,0x00000000d2ef3878,0x00000000d6200000)
 PSPermGen       total 58880K, used 45876K [0x00000000c0000000, 0x00000000c3980000, 0x00000000d0000000)
  object space 58880K, 77% used [0x00000000c0000000,0x00000000c2ccd220,0x00000000c3980000)
}

