# JRE version: Java(TM) SE Runtime Environment (7.0_80-b15) (build 1.7.0_80-b15)
# Java VM: Java HotSpot(TM) 64-Bit Server VM (24.80-b11 mixed mode linux-amd64 compressed oops)
Heap
 PSYoungGen      total 223232K, used 161811K [0x00000000f0000000, 0x0000000100000000, 0x0000000100000000)
  eden space 202752K, 69% used [0x00000000f0000000,0x00000000f8a49ae0,0x00000000fc600000)
  from space 20480K, 98% used [0x00000000fc600000,0x00000000fd9bb2a0,0x00000000fda00000)
  to   space 30720K, 0% used [0x00000000fe200000,0x00000000fe200000,0x0000000100000000)
 ParOldGen       total 84480K, used 54248K [0x00000000d0000000, 0x00000000d5280000, 0x00000000f0000000)
  object space 84480K, 64% used [0x00000000d0000000,0x00000000d34fa0e8,0x00000000d5280000)
 PSPermGen       total 75776K, used 51801K [0x00000000c0000000, 0x00000000c4a00000, 0x00000000d0000000)
  object space 75776K, 68% used [0x00000000c0000000,0x00000000c32967d8,0x00000000c4a00000)
GC Heap History (10 events):
Event: 7.283 GC heap before
{Heap before GC invocations=10 (full 0):
 PSYoungGen      total 244224K, used 244214K [0x00000000f0000000, 0x0000000100000000, 0x0000000100000000)
  eden space 226304K, 100% used [0x00000000f0000000,0x00000000fdd00000,0x00000000fdd00000)
  from space 17920K, 99% used [0x00000000fdd00000,0x00000000fee7d9c0,0x00000000fee80000)
  to   space 17920K, 0% used [0x00000000fee80000,0x00000000fee80000,0x0000000100000000)
 ParOldGen       total 44032K, used 27862K [0x00000000d0000000, 0x00000000d2b00000, 0x00000000f0000000)
  object space 44032K, 63% used [0x00000000d0000000,0x00000000d1b358d8,0x00000000d2b00000)
 PSPermGen       total 37888K, used 37724K [0x00000000c0000000, 0x00000000c2500000, 0x00000000d0000000)
  object space 37888K, 99% used [0x00000000c0000000,0x00000000c24d73f0,0x00000000c2500000)
Event: 7.320 GC heap after
Heap after GC invocations=10 (full 0):
 PSYoungGen      total 219648K, used 17894K [0x00000000f0000000, 0x0000000100000000, 0x0000000100000000)
  eden space 201728K, 0% used [0x00000000f0000000,0x00000000f0000000,0x00000000fc500000)
  from space 17920K, 99% used [0x00000000fee80000,0x00000000ffff9938,0x0000000100000000)
  to   space 30208K, 0% used [0x00000000fc500000,0x00000000fc500000,0x00000000fe280000)
 ParOldGen       total 44032K, used 41744K [0x00000000d0000000, 0x00000000d2b00000, 0x00000000f0000000)
  object space 44032K, 94% used [0x00000000d0000000,0x00000000d28c4218,0x00000000d2b00000)
 PSPermGen       total 37888K, used 37724K [0x00000000c0000000, 0x00000000c2500000, 0x00000000d0000000)
  object space 37888K, 99% used [0x00000000c0000000,0x00000000c24d73f0,0x00000000c2500000)
}
Event: 7.320 GC heap before
{Heap before GC invocations=11 (full 1):
 PSYoungGen      total 219648K, used 17894K [0x00000000f0000000, 0x0000000100000000, 0x0000000100000000)
  eden space 201728K, 0% used [0x00000000f0000000,0x00000000f0000000,0x00000000fc500000)
  from space 17920K, 99% used [0x00000000fee80000,0x00000000ffff9938,0x0000000100000000)
  to   space 30208K, 0% used [0x00000000fc500000,0x00000000fc500000,0x00000000fe280000)
 ParOldGen       total 44032K, used 41744K [0x00000000d0000000, 0x00000000d2b00000, 0x00000000f0000000)
  object space 44032K, 94% used [0x00000000d0000000,0x00000000d28c4218,0x00000000d2b00000)
 PSPermGen       total 37888K, used 37724K [0x00000000c0000000, 0x00000000c2500000, 0x00000000d0000000)
  object space 37888K, 99% used [0x00000000c0000000,0x00000000c24d73f0,0x00000000c2500000)
Event: 7.665 GC heap after
Heap after GC invocations=11 (full 1):
 PSYoungGen      total 219648K, used 10194K [0x00000000f0000000, 0x0000000100000000, 0x0000000100000000)
  eden space 201728K, 0% used [0x00000000f0000000,0x00000000f0000000,0x00000000fc500000)
  from space 17920K, 56% used [0x00000000fee80000,0x00000000ff874808,0x0000000100000000)
  to   space 30208K, 0% used [0x00000000fc500000,0x00000000fc500000,0x00000000fe280000)
 ParOldGen       total 84480K, used 43964K [0x00000000d0000000, 0x00000000d5280000, 0x00000000f0000000)
  object space 84480K, 52% used [0x00000000d0000000,0x00000000d2aef260,0x00000000d5280000)
 PSPermGen       total 75776K, used 37710K [0x00000000c0000000, 0x00000000c4a00000, 0x00000000d0000000)
  object space 75776K, 49% used [0x00000000c0000000,0x00000000c24d3ba0,0x00000000c4a00000)
}
Event: 8.337 GC heap before
{Heap before GC invocations=12 (full 1):
 PSYoungGen      total 219648K, used 211922K [0x00000000f0000000, 0x0000000100000000, 0x0000000100000000)
  eden space 201728K, 100% used [0x00000000f0000000,0x00000000fc500000,0x00000000fc500000)
  from space 17920K, 56% used [0x00000000fee80000,0x00000000ff874808,0x0000000100000000)
  to   space 30208K, 0% used [0x00000000fc500000,0x00000000fc500000,0x00000000fe280000)
 ParOldGen       total 84480K, used 43964K [0x00000000d0000000, 0x00000000d5280000, 0x00000000f0000000)
  object space 84480K, 52% used [0x00000000d0000000,0x00000000d2aef260,0x00000000d5280000)
 PSPermGen       total 75776K, used 40642K [0x00000000c0000000, 0x00000000c4a00000, 0x00000000d0000000)
  object space 75776K, 53% used [0x00000000c0000000,0x00000000c27b0938,0x00000000c4a00000)
Event: 8.372 GC heap after
Heap after GC invocations=12 (full 1):
 PSYoungGen      total 231936K, used 8325K [0x00000000f0000000, 0x0000000100000000, 0x0000000100000000)
  eden space 201728K, 0% used [0x00000000f0000000,0x00000000f0000000,0x00000000fc500000)
  from space 30208K, 27% used [0x00000000fc500000,0x00000000fcd21488,0x00000000fe280000)
  to   space 29184K, 0% used [0x00000000fe380000,0x00000000fe380000,0x0000000100000000)
 ParOldGen       total 84480K, used 54248K [0x00000000d0000000, 0x00000000d5280000, 0x00000000f0000000)
  object space 84480K, 64% used [0x00000000d0000000,0x00000000d34fa0e8,0x00000000d5280000)
 PSPermGen       total 75776K, used 40642K [0x00000000c0000000, 0x00000000c4a00000, 0x00000000d0000000)
  object space 75776K, 53% used [0x00000000c0000000,0x00000000c27b0938,0x00000000c4a00000)
}
Event: 9.464 GC heap before
{Heap before GC invocations=13 (full 1):
 PSYoungGen      total 231936K, used 210053K [0x00000000f0000000, 0x0000000100000000, 0x0000000100000000)
  eden space 201728K, 100% used [0x00000000f0000000,0x00000000fc500000,0x00000000fc500000)
  from space 30208K, 27% used [0x00000000fc500000,0x00000000fcd21488,0x00000000fe280000)
  to   space 29184K, 0% used [0x00000000fe380000,0x00000000fe380000,0x0000000100000000)
 ParOldGen       total 84480K, used 54248K [0x00000000d0000000, 0x00000000d5280000, 0x00000000f0000000)
  object space 84480K, 64% used [0x00000000d0000000,0x00000000d34fa0e8,0x00000000d5280000)
 PSPermGen       total 75776K, used 46523K [0x00000000c0000000, 0x00000000c4a00000, 0x00000000d0000000)
  object space 75776K, 61% used [0x00000000c0000000,0x00000000c2d6eeb8,0x00000000c4a00000)
Event: 9.486 GC heap after
Heap after GC invocations=13 (full 1):
 PSYoungGen      total 230912K, used 16630K [0x00000000f0000000, 0x00000000fff00000, 0x0000000100000000)
  eden space 202752K, 0% used [0x00000000f0000000,0x00000000f0000000,0x00000000fc600000)
  from space 28160K, 59% used [0x00000000fe380000,0x00000000ff3bd920,0x00000000fff00000)
  to   space 29184K, 0% used [0x00000000fc600000,0x00000000fc600000,0x00000000fe280000)
 ParOldGen       total 84480K, used 54248K [0x00000000d0000000, 0x00000000d5280000, 0x00000000f0000000)
  object space 84480K, 64% used [0x00000000d0000000,0x00000000d34fa0e8,0x00000000d5280000)
 PSPermGen       total 75776K, used 46523K [0x00000000c0000000, 0x00000000c4a00000, 0x00000000d0000000)
  object space 75776K, 61% used [0x00000000c0000000,0x00000000c2d6eeb8,0x00000000c4a00000)
}
Event: 10.396 GC heap before
{Heap before GC invocations=14 (full 1):
 PSYoungGen      total 230912K, used 219382K [0x00000000f0000000, 0x00000000fff00000, 0x0000000100000000)
  eden space 202752K, 100% used [0x00000000f0000000,0x00000000fc600000,0x00000000fc600000)
  from space 28160K, 59% used [0x00000000fe380000,0x00000000ff3bd920,0x00000000fff00000)
  to   space 29184K, 0% used [0x00000000fc600000,0x00000000fc600000,0x00000000fe280000)
 ParOldGen       total 84480K, used 54248K [0x00000000d0000000, 0x00000000d5280000, 0x00000000f0000000)
  object space 84480K, 64% used [0x00000000d0000000,0x00000000d34fa0e8,0x00000000d5280000)
 PSPermGen       total 75776K, used 50831K [0x00000000c0000000, 0x00000000c4a00000, 0x00000000d0000000)
  object space 75776K, 67% used [0x00000000c0000000,0x00000000c31a3fc0,0x00000000c4a00000)
Event: 10.414 GC heap after
Heap after GC invocations=14 (full 1):
 PSYoungGen      total 223232K, used 20204K [0x00000000f0000000, 0x0000000100000000, 0x0000000100000000)
  eden space 202752K, 0% used [0x00000000f0000000,0x00000000f0000000,0x00000000fc600000)
  from space 20480K, 98% used [0x00000000fc600000,0x00000000fd9bb2a0,0x00000000fda00000)
  to   space 30720K, 0% used [0x00000000fe200000,0x00000000fe200000,0x0000000100000000)
 ParOldGen       total 84480K, used 54248K [0x00000000d0000000, 0x00000000d5280000, 0x00000000f0000000)
  object space 84480K, 64% used [0x00000000d0000000,0x00000000d34fa0e8,0x00000000d5280000)
 PSPermGen       total 75776K, used 50831K [0x00000000c0000000, 0x00000000c4a00000, 0x00000000d0000000)
  object space 75776K, 67% used [0x00000000c0000000,0x00000000c31a3fc0,0x00000000c4a00000)
}

